[   0.0000Initializing cgroup subsys cpuset
[    0.000000] Initializing cgroupsuyscpu
[    0.000000]Inializing cgroup subsys cpuacct
[    0.00000] Linux version 4.4.0-159-generic (buildd@lgw01-amd64-042) (gcc version 5.4.0 20160609 (Ubuntu 5.4.0-6ubuntu1~16.04.10) ) #187-Ubuntu SMP Thu Aug 1 16:28:06 UTC 2019 (Ubuntu4.0-59..18geric 4.5)
[    0.000000] Command line: BOOT_IMAGE=/boot/vmlinuz-4.4.0-159-generic root=UUID=e8ae99a7-227b-47a0-b74a-89e4f7c892b5 ro console=tty1 conso=ttyS0
[    0.000000] KERNEL supported cpus:
[    0.000000]   Intel GenuineIntel
[    0.000000]   AMD AuthenticAMD
[    0.000000   Centaur CentaurHauls
[    0.000000] x86/fpu: xstate_offset[2]:  576, xstate_sizes[2]:  256
[    0.000000] x86/fpu: Spptig XSE atur0x: x87 oang pinrester
   0000]x86/pu: pporngSAE feur0x02'S rgists'
[    00000]86pu: Supporting XSAVE feature 0x04: 'AVX registers'
[    0.000000] x86/fpu: Enabled xstate features 0x7, context size is 832 bytes, using 'standard' format.
[    0.000000] e820: BIOS-provided physical RAM map:
[    0.000000] BIOS-e820: [mem 0x0000000000000000-0x000000000009fbff] usable
[    0.000000] BIOS-e820: [mem 0x000000000009fc00-0x000000000009ffff] reserved
[    0.000000] BIOS-e0: em 0x00000000000f0000-0x00000000000fffff] reserved
[    0.000000] BIOS-e820: [mem 0x0000000000100000-0x000000003ffeffff] usable
[    0.000000] BIOS-e820: [mem 0x000000003fff0000-0x000000003fffffff] ACPI data
[    0.000000] BIOS-e820: [mem 0x00000000fec00000-0x00000000fec00fff] reserved
[    0.000000] BIOS-e820: [mem 0x00000000fee0000-00000000fee00fff] reserved
[    0.000000] BIOe8: mem 0x00000000fffc0000-0x00000000ffffffff] reserved
[    0.000000] NX (Execute Disable) protection: active
[  .000000] SMBIOS 2.5 present.
[    0.000000] Hypervisor detected: KVM
[    0.000000] e820: last_pfn =x3fff0 ax_arch_pfn = 0x400000000
[    0.000000] MTRR: Disabled
[    0.000000] x86/PAT: MTRRs disabled, skipping PAT initialization too.
[    0.000000] CPU MTRRs allblank - virtualized system.
[    0.000000] x86/PAT: Configuration [0-7]: WB  WT  UC- UC  B T UC- UC  
[  0.000000] found SMP MP-table at [mem 0x0009fff0-0x0009ffff] mapped at [ffff88000009fff0]
[    0.000000] Scanning 1 areas for low memory corruption
[    0.000000] RAMDISK: [mem 0x361e6000-0x370eafff]
[    0.000000] ACPI: Early table checksum vriication disabled
[    0.000000] ACPI: RSDP 0x00000000000E0000 000024 (v02 VBOX  )
[    0.000000] ACPI: XSDT 0x000000003FFF0030 00003C (v01 VBOX   VBOXXSDT 00000001 ASL  00000061)
[    0.000000] ACPI: FACP 0x000000003FFF00F00000F4 v04 VBO   VBOXFACP 00000001 ASL  00000061)
[    0.000000] ACPI: DSDT 0x000000003FFF0470 0021FF (v02 VBOX   VBOXBIOS 00000002 INTL 20180105)
[    0.000000] ACPI: FACS 0x000000003FFF0200 000040
[    0.000000] ACPI: FACS 0x000000003FFF0200 000040
[    0.000000] ACPI: APIC 0x000000003FFF0240 00005C (v02 VBOX   VBOXAPIC 00000001 ASL  00000061)
[    0.000000] ACPI: SSDT 0x000000003FFF02A0 0001CC (v01 VBOX   VBOXCPUT 00000002 INTL 20180105)
[    0.000000] No NUMA configuration found
[    0.000000] Faking a node at [mem 0x0000000000000000-0x000000003ffeffff]
[    0.000000] NODE_DATA(0) allocated [mem 0x3ffeb000-0x3ffeffff]
[    0.000000] kvm-clock: Using msrs 4b564d ad 4b564d00
[    0.000000] kvm-clock: cpu 0, msr 0:3ffe3001, primary cpu clock
[    0.000000] kvm-clock: using sched offset of 3130337880 cycles
[    0.000000] clocksource: kvm-clock: mask: 0xffffffffffffffff max_cycles: 0x1cd42e4dffb, max_idle_ns: 881590591483 ns
[    0.000000] Zone ranges:
[    0.000000]   DMA      [mem 0x00000000010-0x0000000000ffffff]
[    0.000000]   DMA32    [mem 0x0000000001000000-0x000000003ffeffff]
[    0.00000]   Normal   empty
[    0.000000]  Device   empty
[    0.000000] Movable zone start for each node
[    0.000000] Early memory node ranges
[    0.000000]   node   0: [mem 0x0000000000001000-0x000000000009efff]
[    0.000000]   node   0: [mem 0x0000000000100000-0x000000003ffeffff]
[    0.000000] Initmem setup node 0 [mem 0x0000000000001000-0x000000003ffeffff]
[    0.000000] ACPI: PM-Timer IO Port: 0x4008
[    0.000000] IOAPIC[0]: apic_id 2, version 32, address 0xfec00000, GSI 0-23
[    0.000000] ACPI: INT_SRC_OVR (bus 0 bus_irq 0 global_irq 2 dfl dfl)
[    0.000000] ACPI: INT_SRC_OVR (bus 0 bus_irq 9 global_irq 9 low level)
[    0.000000] Using ACPI (MADT) for SMP configuration information
[    0.000000] smpboot: Allowing 2 CPUs, 0 hotplug CPUs
[    0.000000] PM: Registered nosave memory: [mem 0x00000000-0x00000fff]
[    0.000000] PM: Registered nosave memory: [mem 0x0009f000-0x0009ffff]
[    0.000000] PM: Registered nosave memory: [mem 0x000a0000-0x000effff]
[    0.000000] PM: Registered nosave memory: [mem 0x000f0000-0x000fffff]
[    0.000000] e820: [mem 0x40000000-0xfebfffff] available for PCI devices
[    0.000000] Booting paravirtualized kernel on KVM
[    0.000000] clocksource: refined-jiffies: mask: 0xffffffff max_cycles: 0xffffffff, max_idle_ns: 7645519600211568 ns
[    0.000000] setup_percpu: NR_CPUS:512 nr_cpumask_bits:512 nr_cpu_ids:2 nr_node_ids:1
[    0.000000] PERCPU: Embedded 34 pages/cpu @ffff88003fc00000 s99544 r8192 d31528 u1048576
[    0.000000] Built 1 zonelists in Node order, mobility grouping on.  Total pages: 257912
[    0.000000] Policy zone: DMA32
[    0.000000] Kernel command line: BOOT_IMAGE=/boot/vmlinuz-4.4.0-159-generc root=UUID=e8ae99a7-227b-47a0-b74a-89e4f7c892b5 ro console=tty1 console=ttyS0
[    0.000000] PID hash table entries: 4096 (order: 3, 32768 bytes)
[    0.000000] Memory: 997176K/1048120K available (8618K kernel code, 1335K rwdata, 4032K rodata, 1488K init, 1284K bss, 50944K reserved, 0K cma-reserved)
[    0.000000] SLUB: HWalign=64, Order=0-3, MinObjects=0, CPUs=2, Nodes=1
[    0.000000] Kernel/User page tables isolation: enabled
[    0.000000] Hierarchical RCU implementation.
[    0.000000] 	Build-time adjustment of leaf fanout to 64.
[    0.000000] 	RCU restricting CPUs from NR_CPUS=512 to nr_cpu_ids=2.
[    0.000000] RCU: Adjusting geometry for rcu_fanout_leaf=64, nr_cpu_ids=2
[    0.000000] NR_IRQS:33024 nr_irqs:440 16
[    0.000000] Console: colour VGA+ 80x25
[    0.000000] console [tty1] enabled
[    0.000000] console [ttyS0] enabled
[    0.000000] tsc: Detected 2207.998 MHz processor
[    1.930582] Calibrating delay loop (skipped) preset value.. 4415.99 BogoMIPS (lpj=8831992)
[    1.940920] pid_max: default: 32768 minimum: 301
[    1.985203] ACPI: Core revision 20150930
[    1.991974] ACPI: 2 ACPI AML tables successfully acquired and loaded
[    1.998373] Security Framework initialized
[    1.999114] Yama: becoming mindful.
[    1.999766] AppArmor: AppArmor initialized
[    2.000544] Dentry cache hash table entries: 131072 (order: 8, 1048576 bytes)
[    2.002859] Inode-cache hash table entries: 65536 (order: 7, 524288 bytes)
[    2.004815] Mount-cache hash table entries: 2048 (order: 2, 16384 bytes)
[    2.029700] Mountpoint-cache hash table entries: 2048 (order: 2, 16384 bytes)
[    2.038313] Initializing cgroup subsys io
[    2.039602] Initializing cgroup subsys memory
[    2.040937] Initializing cgroup subsys devices
[    2.041726] Initializing cgroup subsys freezer
[    2.087725] Initializing cgroup subsys net_cls
[    2.088585] Initializing cgroup subsys perf_event
[    2.089529] Initializing cgroup subsys net_prio
[    2.097796] Initializing cgroup subsys hugetlb
[    2.101888] Initializing cgroup subsys pids
[    2.104471] mce: CPU supports 0 MCE banks
[    2.121759] Last level iTLB entries: 4KB 64, 2MB 8, 4MB 8
[    2.128793] Last level dTLB entries: 4KB 64, 2MB 0, 4MB 0, 1GB 4
[    2.141337] Spectre V1 : Mitigation: usercopy/swapgs barriers and __user pointer sanitization
[    2.143014] Spectre V2 : Mitigation: Full generic retpoline
[    2.145350] Spectre V2 : Spectre v2 / SpectreRSB mitigation: Filling RSB on context switch
[    2.146946] Speculative Store Bypass: Vulnerable
[    2.148990] MDS: Vulnerable: Clear CPU buffers attempted, no microcode
[    2.160989] Freeing SMP alternatives memory: 36K
[    2.172972] ftrace: allocating 32318 entries in 127 pages
[    2.221270] smpboot: APIC(0) Converting physical 0 to logical package 0
[    2.228730] smpboot: Max logical packages: 1
[    2.287989] x2apic enabled
[    2.288726] Switched APIC routing to physical x2apic.
[    2.294888] ..TIMER: vector=0x30 apic1=0 pin1=2 apic2=-1 pin2=-1
[    2.401069] APIC calibration not consistent with PM-Timer: 95ms instead of 100ms
[    2.407679] APIC delta adjusted to PM-Timer: 6250097 (5999922)
[    2.410096] smpboot: CPU0: Intel(R) Core(TM) i5-7260U CPU @ 2.20GHz (family: 0x6, model: 0x8e, stepping: 0x9)
[    2.414439] Performance Events: unsupported p6 CPU model 142 no PMU driver, software events only.
[    2.429785] KVM setup paravirtual spinlock
[    2.441691] x86: Booting SMP configuration:
[    2.442518] .... node  #0, CPUs:      #1
[    2.443322] kvm-clock: cpu 1, msr 0:3ffe3041, secondary cpu clock
[    2.488020] mce: CPU supports 0 MCE banks
[    2.550239] x86: Booted up 1 node, 2 CPUs
[    2.551274] smpboot: Total of 2 processors activated (8831.99 BogoMIPS)
[    2.552676] devtmpfs: initialized
[    2.555836] evm: security.selinux
[    2.557040] evm: security.SMACK64
[    2.557961] evm: security.SMACK64EXEC
[    2.565166] evm: security.SMACK64TRANSMUTE
[    2.566043] evm: security.SMACK64MMAP
[    2.566829] evm: security.ima
[    2.567533] evm: security.capability
[    2.568482] clocksource: jiffies: mask: 0xffffffff max_cycles: 0xffffffff, max_idle_ns: 7645041785100000 ns
[    2.571806] futex hash table entries: 512 (order: 3, 32768 bytes)
[    2.576323] pinctrl core: initialized pinctrl subsystem
[    2.578828] RTC time: 14:35:10, date: 09/04/19
[    2.579706] NET: Registered protocol family 16
[    2.590077] cpuidle: using governor ladder
[    2.622153] cpuidle: using governor menu
[    2.622885] PCCT header not found.
[    2.623590] ACPI: bus type PCI registered
[    2.624306] acpiphp: ACPI Hot Plug PCI Controller Driver version: 0.5
[    2.626691] PCI: Using configuration type 1 for base access
[    2.642490] ACPI: Added _OSI(Module Device)
[    2.643241] ACPI: Added _OSI(Processor Device)
[    2.644013] ACPI: Added _OSI(3.0 _SCP Extensions)
[    2.644787] ACPI: Added _OSI(Processor Aggregator Device)
[    2.646224] ACPI: Executed 1 blocks of module-level executable AML code
[    2.648984] ACPI: Interpreter enabled
[    2.649701] ACPI: (supports S0 S5)
[    2.651451] ACPI: Using IOAPIC for interrupt routing
[    2.652420] PCI: Using host bridge windows from ACPI; if necessary, use "pci=nocrs" and report a bug
[    2.658101] ACPI: PCI Root Bridge [PCI0] (domain 0000 [bus 00-ff])
[    2.668051] acpi PNP0A03:00: _OSC: OS supports [ASPM ClockPM Segments MSI]
[    2.669122] acpi PNP0A03:00: _OSC: not requesting OS control; OS requires [ExtendedConfig ASPM ClockPM MSI]
[    2.670733] acpi PNP0A03:00: fail to add MMCONFIG information, can't access extended PCI configuration space under this bridge.
[    2.675611] PCI host bridge to bus 0000:00
[    2.676338] pci_bus 0000:00: root bus resource [io  0x0000-0x0cf7 window]
[    2.677362] pci_bus 0000:00: root bus resource [io  0x0d00-0xffff window]
[    2.682911] pci_bus 0000:00: root bus resource [mem 0x000a0000-0x000bffff window]
[    2.684197] pci_bus 0000:00: root bus resource [mem 0x40000000-0xfdffffff window]
[    2.708225] pci_bus 0000:00: root bus resource [bus 00-ff]
[    2.746956] pci 0000:00:01.1: legacy IDE quirk: reg 0x10: [io  0x01f0-0x01f7]
[    2.759128] pci 0000:00:01.1: legacy IDE quirk: reg 0x14: [io  0x03f6]
[    2.763149] pci 0000:00:01.1: legacy IDE quirk: reg 0x18: [io  0x0170-0x0177]
[    2.772478] pci 0000:00:01.1: legacy IDE quirk: reg 0x1c: [io  0x0376]
[    2.796100] pci 0000:00:07.0: quirk: [io  0x4000-0x403f] claimed by PIIX4 ACPI
[    2.797464] pci 0000:00:07.0: quirk: [io  0x4100-0x410f] claimed by PIIX4 SMB
[    2.830204] ACPI: PCI Interrupt Link [LNKA] (IRQs 5 9 10 *11)
[    2.831693] ACPI: PCI Interrupt Link [LNKB] (IRQs 5 9 *10 11)
[    2.834200] ACPI: PCI Interrupt Link [LNKC] (IRQs 5 *9 10 11)
[    2.835547] ACPI: PCI Interrupt Link [LNKD] (IRQs 5 9 10 *11)
[    2.836895] ACPI: Enabled 2 GPEs in block 00 to 07
[    2.838086] vgaarb: setting as boot device: PCI:0000:00:02.0
[    2.839034] vgaarb: device added: PCI:0000:00:02.0,decodes=io+mem,owns=io+mem,locks=none
[    2.842871] vgaarb: loaded
[    2.843440] vgaarb: bridge control possible 0000:00:02.0
[    2.844539] SCSI subsystem initialized
[    2.845337] ACPI: bus type USB registered
[    2.847167] usbcore: registered new interface driver usbfs
[    2.848070] usbcore: registered new interface driver hub
[    2.850535] usbcore: registered new device driver usb
[    2.854671] PCI: Using ACPI for IRQ routing
[    2.855636] NetLabel: Initializing
[    2.856292] NetLabel:  domain hash size = 128
[    2.857042] NetLabel:  protocols = UNLABELED CIPSOv4
[    2.858244] NetLabel:  unlabeled traffic allowed by default
[    2.865651] amd_nb: Cannot enumerate AMD northbridges
[    2.867631] clocksource: Switched to clocksource kvm-clock
[    2.875586] AppArmor: AppArmor Filesystem Enabled
[    2.876518] pnp: PnP ACPI init
[    2.877700] pnp: PnP ACPI: found 3 devices
[    2.887517] clocksource: acpi_pm: mask: 0xffffff max_cycles: 0xffffff, max_idle_ns: 2085701024 ns
[    2.889110] NET: Registered protocol family 2
[    2.890013] TCP established hash table entries: 8192 (order: 4, 65536 bytes)
[    2.891106] TCP bind hash table entries: 8192 (order: 5, 131072 bytes)
[    2.892178] TCP: Hash tables configured (established 8192 bind 8192)
[    2.893204] UDP hash table entries: 512 (order: 2, 16384 bytes)
[    2.894157] UDP-Lite hash table entries: 512 (order: 2, 16384 bytes)
[    2.895204] NET: Registered protocol family 1
[    2.895998] pci 0000:00:00.0: Limiting directPCI/PCI transfers
[    2.919362] pci 0000:00:01.0: Activating ISA DMA hang workarounds
[    2.920444] Unpacking initramfs...

[    3.103501] Freeing initrd memory: 15380K
[    3.118786] clocksource: tsc: mask: 0xffffffffffffffff max_cycles: 0x1fd3b6211b4, max_idle_ns: 440795230313 ns
[    3.120599] platform rtc_cmos: registered platform RTC device (no PNP device found)
[    3.129293] Scanning for low memory corruption every 60 seconds
[    3.149338] audit: initializing netlink subsys (disabled)
[    3.238538] audit: type=2000 audit(1567607713.781:1): initialized
[    3.248613] Initialise system trusted keyring
[    3.249712] HugeTLB registered 2 MB page size, pre-allocated 0 pages
[    3.251972] zbud: loaded
[    3.288824] VFS: Disk quotas dquot_6.6.0
[    3.298593] VFS: Dquot-cache hash table entries: 512 (order 0, 4096 bytes)
[    3.318619] squashfs: version 4.0 (2009/01/31) Phillip Lougher
[    3.321487] fuse init (API version 7.23)
[    3.322293] Key type big_key registered
[    3.338485] Allocating IMA MOK and blacklist keyrings.
[    3.359370] Key type asymmetric registered
[    3.368475] Asymmetric key parser 'x509' registered
[    3.369363] Block layer SCSI generic (bsg) driver version 0.4 loaded (major 249)
[    3.428823] io scheduler noop registered
[    3.429662] io scheduler deadline registered (default)
[    3.430647] io scheduler cfq registered
[    3.431395] pci_hotplug: PCI Hot Plug PCI Core version: 0.5
[    3.432519] pciehp: PCI Express Hot Plug Controller Driver version: 0.4
[    3.458840] ACPI: AC Adapter [AC] (on-line)
[    3.459824] input: Power Button as /devices/LNXSYSTM:00/LNXPWRBN:00/input/input0
[    34468207] ACPI: Power Button [PWRF]
[    3.498650] input: Sleep Button as /devices/LNXSYSTM:00/LNXSLPBN:00/input/input1
[    3.499911] ACPI: Sleep Button [SLPF]
[    3.500986] GHES: HEST is not enabled!
[    3.518596] Serial: 8250/16550 driver, 32 ports, IRQ sharing enabled
[    3.542698] 00:02: ttyS0 at I/O 0x3f8 (irq = 4, base_baud = 115200) is a 16550A
[    3.546387] Linux agpgart interface v0.103
[    3.550366] loop: module loaded
[    3.579006] scsi host0: ata_piix
[    3.579878] scsi host1: ata_piix
[    3.580658] ata1: PATA max UDMA/33 cmd 0x1f0 ctl 0x3f6 bmdma 0xd000 irq 14
[    3.581893] ata2: PATA max UDMA/33 cmd 0x170 ctl 0x376 bmdma 0xd008 irq 15
[    3.583356] libphy: Fixed MDIO Bus: probed
[    3.584116] tun: Universal TUN/TAP device driver, 1.6
[    3.584958] tun: (C) 1999-2004 Max Krasnyansky <maxk@qualcomm.com>
[    3.585999] PPP generic driver version 2.4.2
[    3.586837] ehci_hcd: USB 2.0 'Enhanced' Host Controller (EHCI) Driver
[    3.608963] ehci-pci: EHCI PCI platform driver
[    3.614405] ehci-platform: EHCI generic platform driver
[    3.615254] ohci_hcd: USB 1.1 'Open' Host Controller (OHCI) Driver
[    3.618873] ohci-pci: OHCI PCI platform driver
[    3.619660] ohci-platform: OHCI generic platform driver
[    3.628685] uhci_hcd: USB Universal Host Controller Interface driver
[    3.634657] i8042: PNP: PS/2 Controller [PNP0303:PS2K,PNP0f03:PS2M] at 0x60,0x64 irq 1,12
[    3.659182] serio: i8042 KBD port at 0x60,0x64 irq 1
[    3.678700] serio: i8042 AUX port at 0x60,0x64 irq 12
[    3.679652] mousedev: PS/2 mouse device common for all mice
[   33.686508] inptt  AT Translated Set 2 keyboard as /devices/platform/i8042/serio0/input/input2
[    4.438836] rtc_cmos rtc_cmos: rtc core: registered rtc_cmos as rtc0
[    4.470006] rtc_cmos rtc_cmos: alarms up to one day, 114 bytes nvram
[    4.471028] i2c /dev entries driver
[    4.471749] device-mapper: uevent: version 1.0.3
[    4.472631] device-mapper: ioctl: 4.34.0-ioctl (2015-10-28) initialised: dm-devel@redhat.com
[    4.474302] ledtrig-cpu: registered to indicate activity on CPUs
[    4.475755] NET: Registered protocol family 10
[    4.476839] NET: Registered protocol family 17
[    4.480163] Key type dns_resolver registered
[    4.481304] registered taskstats version 1
[    4.497463] Loading compiled-in X.509 certificates
[    4.498766] Loaded X.509 cert 'Build time autogenerated kernel key: d14182f9795b80ec340f636a5a08bf5817ccd8e7'
[    4.500389] zswap: loaded using pool lzo/zbud
[    4.502567] Key type trusted registered
[    4.511171] Key type encrypted registered
[    4.516129] AppArmor: AppArmor sha1 policy hashing enabled
[    4.518755] ima: No TPM chip found, activating TPM-bypass!
[    4.519648] ima: Allocated hash algorithm: sha1
[    4.520500] evm: HMAC attrs: 0x1
[    4.524488]   Magic number: 3:831:585
[    4.525245] rtc_cmos rtc_cmos: setting system clock to 2019-09-04 14:35:12 UTC (1567607712)
[    4.539651] BIOS EDD facility v0.16 2004-Jun-25, 0 devices found
[    4.559835] EDD information not available.
[    4.566900] Freeing unused kernel memory: 1488K
[    4.583821] Write protecting the kernel read-only data: 14336k
[    4.589988] Freeing unused kernel memory: 1608K
[    4.591581] Freeing unused kernel memory: 64K
Loading, please wait...
starting version[    4.606365] random: systemd-udevd: uninitialized urandom read (16 bytes read, 3 bits of entropy available)
 229
[    4.607142] random: udevadm: uninitialized urandom read (16 bytes read, 3 bits of entropy available)
[    4.607163] random: udevadm: uninitialized urandom read (16 bytes read, 3 bits of entropy available)
[    4.615131] random: udevadm: uninitialized urandom read (16 bytes read, 3 bits of entropy available)
[    4.615168] random: udevadm: uninitialized urandom read (16 bytes read, 3 bits of entropy available)
[    4.615284] random: udevadm: uninitialized urandom read (16 bytes read, 3 bits of entropy available)
[    4.615324] random: udevadm: uninitialized urandom read (16 bytes read, 3 bits of entropy available)
[    4.615364] random: udevadm: uninitialized urandom read (16 bytes read, 3 bits of entropy available)
[    4.615405] random: udevadm: uninitialized urandom read (16 bytes read, 3 bits of entropy available)
[    4.615444] random: udevadm: uninitialized urandom read (16 bytes read, 3 bits of entropy available)
[    4.710052] e1000: Intel(R) PRO/1000 Network Driver - version 7.3.21-k8-NAPI
[    4.729215] e1000: Copyright (c) 1999-2006 Intel Corporation.
[    4.734144] Fusion MPT base driver 3.04.20
[    4.735021] Copyright (c) 1999-2008 LSI Corporation
[    4.739558] Fusion MPT SPI Host driver 3.04.20
[    4.765600] AVX2 version of gcm_enc/dec engaged.
[    4.766445] AES CTR mode by8 optimization enabled
[    4.980310] input: ImExPS/2 Generic Explorer Mouse as /devices/platform/i8042/serio1/input/input4
[    5.154866] e1000 0000:00:03.0 eth0: (PCI:33MHz:32-bit) 02:5e:78:ae:6e:b0
[    5.748451] e1000 0000:00:03.0 eth0: Intel(R) PRO/1000 Network Connection
[    6.156389] e1000 0000:00:08.0 eth1: (PCI:33MHz:32-bit) 08:00:27:90:c3:3e
[    6.624741] e1000 0000:00:08.0 eth1: Intel(R) PRO/1000 Network Connection
[    6.626554] mptbase: ioc0: Initiating bringup
[    6.626685] e1000 0000:00:08.0 enp0s8: renamed from eth1
[    6.640105] e1000 0000:00:03.0 enp0s3: renamed from eth0
[    6.732455] ioc0: LSI53C1030 A0: Capabilities={Initiator}
[    6.964078] scsi host2: ioc0: LSI53C1030 A0, FwRev=00000000h, Ports=1, MaxQ=256, IRQ=20
[    7.085494] scsi 2:0:0:0: Direct-Access     VBOX     HARDDISK         1.0  PQ: 0 ANSI: 5
[    7.098261] scsi target2:0:0: Beginning Domain Validation
[    7.104171] scsi target2:0:0: Domain Validation skipping write tests
[    7.118369] scsi target2:0:0: Ending Domain Validation
[    7.121879] scsi target2:0:0: asynchronous
[    7.124216] scsi 2:0:1:0: Direct-Access     VBOX     HARDDISK         1.0  PQ: 0 ANSI: 5
[    7.141715] scsi target2:0:1: Beginning Domain Validation
[    7.449102] scsi target2:0:1: Domain Validation skipping write tests
[    7.800973] scsi target2:0:1: Ending Domain Validation
[    7.808382] scsi target2:0:1: asynchronous
[    7.813993] sd 2:0:0:0: [sda] 20971520 512-byte logical blocks: (10.7 GB/10.0 GiB)
[    7.814057] sd 2:0:0:0: Attached scsi generic sg0 type 0
[    7.818807] sd 2:0:0:0: [sda] Write Protect is off
[    7.819198] sd 2:0:1:0: [sdb] 20480 512-byte logical blocks: (10.5 MB/10.0 MiB)
[    7.819295] sd 2:0:1:0: [sdb] Write Protect is off
[    7.819397] sd 2:0:1:0: [sdb] Incomplete mode parameter data
[    7.819398] sd 2:0:1:0: [sdb] Assuming drive cache: write through
[    7.880667] sd 2:0:1:0: Attached scsi generic sg1 type 0
[    7.883090] sd 2:0:1:0: [sdb] Attached SCSI disk
[    8.168734] sd 2:0:0:0: [sda] Incomplete mode parameter data
[    8.169664] sd 2:0:0:0: [sda] Assuming drive cache: write through
[    8.172195]  sda: sda1
[    8.173238] sd 2:0:0:0: [sda] Attached SCSI disk
Begin: Loading essential drivers ... [    9.490150] md: linear personality registered for level -1
[    9.495410] md: multipath personality registered for level -4
[    9.501052] md: raid0 personality registered for level 0
[    9.508583] md: raid1 personality registered for level 1
[    9.592087] raid6: sse2x1   gen() 11870 MB/s
[    9.667964] raid6: sse2x1   xor()  9921 MB/s
[    9.737977] raid6: sse2x2   gen() 14893 MB/s
[    9.808025] raid6: sse2x2   xor()  8125 MB/s
[    9.898457] raid6: sse2x4   gen() 18207 MB/s
[    9.964158] raid6: sse2x4   xor() 11480 MB/s
[   10.037928] raid6: avx2x1   gen() 25696 MB/s
[   10.577964] raid6: avx2x2   gen() 27497 MB/s
[   10.920915] raid6: avx2x4   gen() 28384 MB/s
[   10.931843] raid6: using algorithm avx2x4 gen() 28384 MB/s
[   10.937371] raid6: using avx2x2 recovery algorithm
[   10.941617] xor: automatically using best checksumming function:
[   11.139690]    avx       : 25092.000 MB/sec
[   11.141309] async_tx: api initialized (async)
[   11.150977] md: raid6 personality registered for level 6
[   11.164436] md: raid5 personality registered for level 5
[   11.165327] md: raid4 personality registered for level 4
[   11.171068] md: raid10 personality registered for level 10
done.
Begin: Running /scripts/init-premount ... done.
Begin: Mounting root file system ... Begin: Running /scripts/local-top ... done.
Begin: Running /scripts/local-premount ... [   11.202548] Btrfs loaded
Scanning for Btrfs filesystems
done.
Warning: fsck no[   11.308697] EXT4-fs (sda1): mounted filesystem with ordered data mode. Opts: (null)
t present, so skipping root file system
done.
Begin: Running /scripts/local-bottom ... done.
Begin: Running /scripts/init-bottom ... done.
[   11.570466] systemd[1]: systemd 229 running in system mode. (+PAM +AUDIT +SELINUX +IMA +APPARMOR +SMACK +SYSVINIT +UTMP +LIBCRYPTSETUP +GCRYPT +GNUTLS +ACL +XZ -LZ4 +SECCOMP +BLKID +ELFUTILS +KMOD -IDN)
[   11.609266] systemd[1]: Detected virtualization oracle.
[   11.698790] systemd[1]: Detected architecture x86-64.

Welcome to [1mUbuntu 16.04.6 LTS[0m!

[   11.710672] systemd[1]: Set hostname to <ubuntu-xenial>.
[   11.925366] systemd[1]: Listening on Journal Socket (/dev/log).
[[0;32m  OK  [0m] Listening on Journal Socket (/dev/log).
[   11.959174] systemd[1]: Reached target System Time Synchronized.
[[0;32m  OK  [0m] Reached target System Time Synchronized.
[   11.961137] systemd[1]: Reached target Encrypted Volumes.
[[0;32m  OK  [0m] Reached target Encrypted Volumes.
[   11.983421] systemd[1]: Listening on udev Kernel Socket.
[[0;32m  OK  [0m] Listening on udev Kernel Socket.
[   12.030547] systemd[1]: Started Forward Password Requests to Wall Directory Watch.
[[0;32m  OK  [0m] Started Forward Password Requests to Wall Directory Watch.
[   12.041118] systemd[1]: Created slice System Slice.
[[0;32m  OK  [0m] Created slice System Slice.
[   12.042795] systemd[1]: Listening on Journal Audit Socket.
[[0;32m  OK  [0m] Listening on Journal Audit Socket.
[   12.044939] systemd[1]: Started Trigger resolvconf update for networkd DNS.
[[0;32m  OK  [0m] Started Trigger resolvconf update for networkd DNS.
[   12.047103] systemd[1]: Listening on Device-mapper event daemon FIFOs.
[[0;32m  OK  [0m] Listening on Device-mapper event daemon FIFOs.
[   12.060900] systemd[1]: Created slice system-serial\x2dgetty.siiee.
[[0;32m  OK  [0m] Created slice system-serial\x2dgetty.slice.
[   12.122366] systemd[1]: Reached target Swap.
[[0;32m  OK  [0m] Reached target Swap.
[   12.175902] systemd[1]: Listening on LVM2 poll daemon socket.
[[0;32m  OK  [0m] Listening on LVM2 poll daemon socket.
[   12.327788] systemd[1]: Set up automount Arbitrary Executable File Formats File System Automount Point.
[[0;32m  OK  [0m] Set up automount Arbitrary Executab...ats File System Automount Point.
[   12.353666] systemd[1]: Listening on Journal Socket.
[[0;32m  OK  [0m] Listening on Journal Socket.
[   12.404126] systemd[1]: Starting Nameserver information manager...
         Starting Nameserver information manager...
[   12.410151] systemd[1]: Mounting Huge Pages File System...
         Mounting Huge Pages File System...
[   12.444370] systemd[1]: Starting Create list of required static device nodes for the current kernel...
         Starting Create list of required st... nodes for the current kernel...
[   12.456072] systemd[1]: Listening on LVM2 metadata daemon socket.
[[0;32m  OK  [0m] Listening on LVM2 metadata daemon socket.
[   12.465756] systemd[1]: Starting Monitoring of LVM2 mirrors, snapshots etc. using dmeventd or progress polling...
         Starting Monitoring of LVM2 mirrors... dmeventd or progress polling...
[   12.494515] systemd[1]: Starting Uncomplicated firewall...
         Starting Uncomplicated firewall...
[   12.497791] systemd[1]: Reached target User and Group Name Lookups.
[[0;32m  OK  [0m] Reached target User and Group Name Lookups.
[   12.502649] systemd11]: Listening on /dev/initctl Compatibility Named Pipe.
[[0;32m  OK  [0m] Listening on /dev/initctl Compatibility Named Pipe.
[   12.532687] systemd[1]: Starting Set console keymap...
[   12.533823] random: nonblocking pool is initialized
         Starting Set console keymap...
[   13.152581] systemd[1]: Listening on Syslog Socket.
[[0;32m  OK  [0m] Listening on Syslog Socket.
[   13.166942] systemd[1]: Starting Journal Service...
         Starting Journal Service...
[   13.202185] systemd[1]: Starting Load Kernel Modules...
         Starting Load Kernel Modules...
[   13.210477] systemd[1]: Listening on udev Control Socket.
[[0;32m  OK  [[   13.213932] Loading iSCSI transport class v2.0-870.
0m] Listening on udev Control Socket.
[   13.235243] iscsi: registered transport (tcp)
[   13.404962] systemd[1]: Mounting POSIX Message Queue File System...
         Mountin[   13.450663] iscsi: registered transport (iser)
g POSIX Message Queue File System...
[   13.468646] systemd[1]: Mounting Debug File System...
         Mounting Debug File System...
[   13.491962] systemd[1]: Created slice User and Session Slice.
[[0;32m  OK  [0m] Created slice User and Session Slice.
[   13.494283] systemd[1]: Reached target Slices.
[[0;32m  OK  [0m] Reached target Slices.
[   13.496585] systemd[1]: Starting Remount Root and Kernel File Systems...
[   13.500080] EXT4-fs (sda1): re-mounted. Opts: (null)
         Starting Remount Root and Kernel File Systems...
[   13.560801] systemd[1]: Mounted Huge Pages File System.
[[0;32m  OK  [0m] Mounted Huge Pages File System.
[   13.715974] systemd[1]: Mounted POSIX Message Queue File System.
[[0;32m  OK  [0m] Mounted POSIX Message Queue File System.
[   14.087922] systemd[1]: Mounted Debug File System.
[[0;32m  OK  [0m] Mounted Debug File System.
[   14.103923] systemd[1]: Started Journal Service.
[[0;32m  OK  [0m] Started Journal Service.
[[0;32m  OK  [0m] Started Create list of required sta...ce nodes for the current kernel.
[[0;32m  OK  [0m] Started Uncomplicated firewall.
[[0;32m  OK  [0m] Started Set console keymap.
[[0;32m  OK  [0m] Started Load Kernel Modules.
[[0;32m  OK  [0m] Started Remount Root and Kernel File Systems.
[[0;32m  OK  [0m] Started Nameserver information manager.
[[0;32m  OK  [0m] Started LVM2 metadata daemon.
         Starting udev Coldplug all Devices...
         Starting Load/Save Random Seed...
         Mounting FUSE Control File System...
         Starting Apply Kernel Variables...
         Starting Create Static Device Nodes in /dev...
         Starting Flush Journal to Persistent Storage...
[[0;32m  OK  [0m] Mounted FUSE Control File System.
[[0;32m  OK  [0m] Started Load/Save Random Seed.
[[0;32m  OK  [0m] Started Apply Kernel Variables.
[[0;32m  OK  [0m] Started Create Static Device Nodes in /dev.
[[0;32m  OK  [0m] Started udev Coldplug all Devices.
[[0;32m  OK  [0m] Started Flush Journal to Persistent Storage.
         Starting udev Kernel Device Manager...
[[0;32m  OK  [0m] Started udev Kernel Device Manager.
[[0;32m  OK  [0m] Started Dispatch Password Requests to Console Directory Watch.
[[0;32m  OK  [0m] Started Monitoring of LVM2 mirrors,...ng dmeventd or progress polling.
[[0;32m  OK  [0m] Reached target Local File Systems (Pre).
[[0;32m  OK  [0m] Reached target Local File Systems.
         Starting LSB: AppArmor initialization...
         Starting Initial cloud-init job (pre-networking)...
         Starting Tell Plymouth To Write Out Runtime Data...
         Starting Create Volatile Files and Directories...
         Starting Set console font and keymap...
[[0;32m  OK  [0m] Started Tell Plymouth To Write Out Runtime Data.
[[0;32m  OK  [0m] Started Create Volatile Files and Directories.
[[0;32m  OK  [0m] Found device /dev/ttyS0.
[[0;32m  OK  [0m] Listening on Load/Save RF Kill Switch Status /dev/rfkill Watch.
         Starting Update UTMP about System Boot/Shutdown...
[[0;32m  OK  [0m] Started LSB: AppArmor initialization.
[[0;32m  OK  [0m] Started Update UTMP about System Boot/Shutdown.
[[0;32m  OK  [0m] Started Set console font and keymap.
[[0;32m  OK  [0m] Created slice system-getty.slice.
[   13.135013] cloud-init[504]: Cloud-init v. 19.1-1-gbaa47854-0ubuntu1~16.04.1 running 'init-local' at Wed, 04 Sep 2019 14:35:23 +0000. Up 12.85 seconds.
[[0;32m  OK  [0m] Started Initial cloud-init job (pre-networking).
[[0;32m  OK  [0m] Reached target Network (Pre).
         Starting Raise network interfaces...
[[0;32m  OK  [0m] Started ifup for enp0s3.
[[0;32m  OK  [0m] Started ifup for enp0s8.
[[0;32m  OK  [0m] Started Raise network interfaces.
         Starting Initial cloud-init job (metadata service crawler)...
[[0;32m  OK  [0m] Reached target Network.
[   13.922130] cloud-init[1082]: Cloud-init v. 19.1-1-gbaa47854-0ubuntu1~16.04.1 running 'init' at Wed, 04 Sep 2019 14:35:24 +0000. Up 13.70 seconds.
[   13.926377] cloud-init[1082]: ci-info: ++++++++++++++++++++++++++++++++++++++Net device info+++++++++++++++++++++++++++++++++++++++
[   13.929254] cloud-init[1082]: ci-info: +--------+------+-----------------------------+---------------+--------+-------------------+
[   13.934443] cloud-init[1082]: ci-info: | Device |  Up  |           Address           |      Mask     | Scope  |     Hw-Address    |
[   13.940766] cloud-init[1082]: ci-info: +--------+------+-----------------------------+---------------+--------+-------------------+
[   13.942531] cloud-init[1082]: ci-info: | enp0s3 | True |          10.0.2.15          | 255.255.255.0 | global | 02:5e:78:ae:6e:b0 |
[   13.946534] cloud-init[1082]: ci-info: | enp0s3 | True |  fe80::5e:78ff:feae:6eb0/64 |       .       |  link  | 02:5e:78:ae:6e:b0 |
[   13.972284] cloud-init[1082]: ci-info: | enp0s8 | True |        192.168.33.10        | 255.255.255.0 | global | 08:00:27:90:c3:3e |
[   13.972483] cloud-init[1082]: ci-info: | enp0s8 | True | fe80::a00:27ff:fe90:c33e/64 |       .       |  link  | 08:00:27:90:c3:3e |
[   13.972718] cloud-init[1082]: ci-info: |   lo   | True |          127.0.0.1          |   255.0.0.0   |  host  |         .         |
[   13.972853] cloud-init[1082]: ci-info: |   lo   | True |           ::1/128           |       .       |  host  |         .         |
[   13.972979] cloud-init[1082]: ci-info: +--------+------+-----------------------------+---------------+--------+-------------------+
[   13.973100] cloud-init[1082]: ci-info: ++++++++++++++++++++++++++++Route IPv4 info++++++++++++++++++++++++++++
[   13.973232] cloud-init[1082]: ci-info: +-------+--------------+----------+---------------+-----------+-------+
[   13.973354] cloud-init[1082]: ci-info: | Route | Destination  | Gateway  |    Genmask    | Interface | Flags |
[   13.973472] cloud-init[1082]: ci-info: +-------+--------------+----------+---------------+-----------+-------+
[   13.973596] cloud-init[1082]: ci-info: |   0   |   0.0.0.0    | 10.0.2.2 |    0.0.0.0    |   enp0s3  |   UG  |
[   13.973714] cloud-init[1082]: ci-info: |   1   |   10.0.2.0   | 0.0.0.0  | 255.255.255.0 |   enp0s3  |   U   |
[   13.973834] cloud-init[1082]: ci-info: |   2   | 192.168.33.0 | 0.0.0.0  | 255.255.255.0 |   enp0s8  |   U   |
[   13.973955] cloud-init[1082]: ci-info: +-------+--------------+----------+---------------+-----------+-------+
[   13.974075] cloud-init[1082]: ci-info: +++++++++++++++++++Route IPv6 info+++++++++++++++++++
[   13.974196] cloud-init[1082]: ci-info: +-------+-------------+---------+-----------+-------+
[   13.974333] cloud-init[1082]: ci-info: | Route | Destination | Gateway | Interface | Flags |
[   13.974440] cloud-init[1082]: ci-info: +-------+-------------+---------+-----------+-------+
[   13.974562] cloud-init[1082]: ci-info: |   0   |  fe80::/64  |    ::   |   enp0s8  |   U   |
[   13.974682] cloud-init[1082]: ci-info: |   1   |  fe80::/64  |    ::   |   enp0s3  |   U   |
[   13.974803] cloud-init[1082]: ci-info: |   4   |   ff00::/8  |    ::   |   enp0s8  |   U   |
[   13.974924] cloud-init[1082]: ci-info: |   5   |   ff00::/8  |    ::   |   enp0s3  |   U   |
[   13.975045] cloud-init[1082]: ci-info: +-------+-------------+---------+-----------+-------+
[[0;32m  OK  [0m] Started Initial cloud-init job (metadata service crawler).
[[0;32m  OK  [0m] Reached target Cloud-config availability.
[[0;32m  OK  [0m] Reached target Network is Online.
         Starting iSCSI initiator daemon (iscsid)...
[[0;32m  OK  [0m] Reached target System Initialization.
[[0;32m  OK  [0m] Listening on ACPID Listen Socket.
[[0;32m  OK  [0m] Started Daily Cleanup of Temporary Directories.
         Starting Socket activation for snappy daemon.
[[0;32m  OK  [0m] Listening on D-Bus System Message Bus Socket.
[[0;32m  OK  [0m] Listening on UUID daemon activation socket.
[[0;32m  OK  [0m] Started ACPI Events Check.
[[0;32m  OK  [0m] Reached target Paths.
[[0;32m  OK  [0m] Started Daily apt download activities.
[[0;32m  OK  [0m] Started Daily apt upgrade and clean activities.
[[0;32m  OK  [0m] Reached target Timers.
         Starting LXD - unix socket.
[[0;32m  OK  [0m] Listening on Socket activation for snappy daemon.
[[0;32m  OK  [0m] Listening on LXD - unix socket.
[[0;32m  OK  [0m] Started iSCSI initiator daemon (iscsid).
         Starting Login to default iSCSI targets...
[[0;32m  OK  [0m] Reached target Sockets.
[[0;32m  OK  [0m] Reached target Basic System.
[[0;32m  OK  [0m] Started D-Bus System Message Bus.
         Starting Login Service...
[[0;32m  OK  [0m] Started Regular background program processing daemon.
         Starting LXD - container startup/shutdown...
         Starting /etc/rc.local Compatibility...
         Starting LSB: MD monitoring daemon...
[[0;32m  OK  [0m] Started Deferred execution scheduler.
         Starting Accounts Service...
         Starting LSB: Record successful boot for GRUB...
         Starting The PHP 7.0 FastCGI Process Manager...
         Starting MySQL Community Server...
[[0;32m  OK  [0m] Started FUSE filesystem for LXC.
         Starting Virtualbox guest utils...
[[0;32m  OK  [0m] Started ACPI event daemon.
         Starting OpenBSD Secure Shell server...
         Starting System Logging Service...
         Starting Snappy daemon...
[[0;32m  OK  [0m] Started LXD - container startup/shutdown.
[[0;32m  OK  [0m] Started /etc/rc.local Compatibility.
[[0;32m  OK  [0m] Started System Logging Service.
[[0;32m  OK  [0m] Started OpenBSD Secure Shell server.
[[0;32m  OK  [0m] Started The PHP 7.0 FastCGI Process Manager.
[[0;32m  OK  [0m] Started Login to default iSCSI targets.
[[0;32m  OK  [0m] Started LSB: Record successful boot for GRUB.
[[0;32m  OK  [0m] Started LSB: MD monitoring daemon.
[[0;32m  OK  [0m] Started Login Service.
[[0;32m  OK  [0m] Started Unattended Upgrades Shutdown.
         Starting Authenticate and Authorize Users to Run Privileged Tasks...
[[0;32m  OK  [0m] Reached target Remote File Systems (Pre).
[[0;32m  OK  [0m] Reached target Remote File Systems.
         Starting LSB: automatic crash report generation...
         Starting LSB: Apache2 web server...
         Starting LSB: daemon to balance interrupts for SMP systems...
         Starting Permit User Sessions...
         Starting LSB: Set the CPU Frequency Scaling governor to "ondemand"...
[[0;32m  OK  [0m] Started Snappy daemon.
[[0;32m  OK  [0m] Started Virtualbox guest utils.
[[0;32m  OK  [0m] Started Permit User Sessions.
[[0;32m  OK  [0m] Started Authenticate and Authorize Users to Run Privileged Tasks.
[[0;32m  OK  [0m] Started Accounts Service.
         Starting Terminate Plymouth Boot Screen...
         Starting Hold until boot process finishes up...
         Starting Wait until snapd is fully seeded...
[[0;32m  OK  [0m] Started LSB: automatic crash report generation.
[[0;32m  OK  [0m] Started LSB: daemon to balance interrupts for SMP systems.
[[0;32m  OK  [0m] Started LSB: Set the CPU Frequency Scaling governor to "ondemand".
[[0;32m  OK  [0m] Started Terminate Plymouth Boot Screen.
[[0;32m  OK  [0m] Started Hold until boot process finishes up.
[[0;32m  OK  [0m] Started Wait until snapd is fully seeded.
         Starting Apply the settings specified in cloud-config...
         Starting Set console scheme...
[[0;32m  OK  [0m] Started Serial Getty on ttyS0.
[[0;32m  OK  [0m] Started Getty on tty1.
[[0;32m  OK  [0m] Reached target Login Prompts.
[[0;32m  OK  [0m] Started Set console scheme.
[   15.610995] cloud-init[1403]: Cloud-init v. 19.1-1-gbaa47854-0ubuntu1~16.04.1 running 'modules:config' at Wed, 04 Sep 2019 14:35:25 +0000. Up 15.54 seconds.
[[0;32m  OK  [0m] Started Apply the settings specified in cloud-config.
[[0;32m  OK  [0m] Started MySQL Community Server.
[[0;32m  OK  [0m] Started LSB: Apache2 web server.
[[0;32m  OK  [0m] Reached target Multi-User System.
         Starting Execute cloud user/final scripts...
[[0;32m  OK  [0m] Reached target Graphical Interface.
         Starting Update UTMP about System Runlevel Changes...
[[0;32m  OK  [0m] Started Update UTMP about System Runlevel Changes.
[   16.706108] cloud-init[1443]: Cloud-init v. 19.1-1-gbaa47854-0ubuntu1~16.04.1 running 'modules:final' at Wed, 04 Sep 2019 14:35:27 +0000. Up 16.62 seconds.
[   16.716417] cloud-init[1443]: Cloud-init v. 19.1-1-gbaa47854-0ubuntu1~16.04.1 finished at Wed, 04 Sep 2019 14:35:27 +0000. Datasource DataSourceNoCloud [seed=/dev/sdb][dsmode=net].  Up 16.70 seconds
[[0;32m  OK  [0m] Created slice User Slice of vagrant.
[[0;32m  OK  [0m] Started Execute cloud user/final scripts.
         Starting User Manager for UID 1000...
[[0;32m  OK  [0m] Reached target Cloud-init target.
[[0;32m  OK  [0m] Started Session 1 of user vagrant.
[[0;32m  OK  [0m] Started User Manager for UID 1000.

Ubuntu 16.04.6 LTS ubuntu-xenial ttyS0

ubuntu-xenial login: 